<?xml version="1.0" encoding="UTF-8"?>
<!-- Generated by org.testng.reporters.JUnitXMLReporter -->
<testsuite hostname="CompIndia-PC" ignored="1" name="Test(failed)" tests="4" failures="2" timestamp="28 Feb 2020 13:34:57 GMT" time="0.102" errors="0">
  <testcase name="D" time="0.02" classname="practice.Selenium_Maven_Practice.Two">
    <skipped/>
  </testcase> <!-- D -->
  <testcase name="D" time="0.003" classname="practice.Selenium_Maven_Practice.Two">
    <failure type="junit.framework.ComparisonFailure" message="expected:&amp;lt;...i&amp;gt; but was:&amp;lt;...&amp;gt;">
      <![CDATA[junit.framework.ComparisonFailure: expected:<...i> but was:<...>
at junit.framework.Assert.assertEquals(Assert.java:81)
at junit.framework.Assert.assertEquals(Assert.java:87)
at practice.Selenium_Maven_Practice.Two.D(Two.java:16)
... Removed 25 stack frames]]>
    </failure>
  </testcase> <!-- D -->
  <testcase name="E" time="0.002" classname="practice.Selenium_Maven_Practice.Two">
    <skipped/>
  </testcase> <!-- E -->
  <testcase name="E" time="0.005" classname="practice.Selenium_Maven_Practice.Two">
    <failure type="junit.framework.ComparisonFailure" message="expected:&amp;lt;...i&amp;gt; but was:&amp;lt;...&amp;gt;">
      <![CDATA[junit.framework.ComparisonFailure: expected:<...i> but was:<...>
at junit.framework.Assert.assertEquals(Assert.java:81)
at junit.framework.Assert.assertEquals(Assert.java:87)
at practice.Selenium_Maven_Practice.Two.E(Two.java:26)
... Removed 25 stack frames]]>
    </failure>
  </testcase> <!-- E -->
  <testcase name="F" time="0.0" classname="practice.Selenium_Maven_Practice.Two">
    <ignored/>
  </testcase> <!-- F -->
</testsuite> <!-- Test(failed) -->
